<?xml version="1.0" encoding="UTF-8"?>
<testsuite name="ComputerRepairRequestTest" tests="2" skipped="0" failures="0" errors="0" timestamp="2025-03-05T14:47:29" hostname="DESKTOP-DTCM5F9" time="0.027">
  <properties/>
  <testcase name="1st test" classname="ComputerRepairRequestTest" time="0.024"/>
  <testcase name="2nd test" classname="ComputerRepairRequestTest" time="0.001"/>
  <system-out><![CDATA[]]></system-out>
  <system-err><![CDATA[]]></system-err>
</testsuite>
